This file contains any messages produced by compilers while
running configure, to aid debugging if configure makes a mistake.

It was created by valawebkitsandbox configure valawebkitsandbox_version, which was
generated by GNU Autoconf 2.68.  Invocation command line was

  $ ./configure 

## --------- ##
## Platform. ##
## --------- ##

hostname = gwen-elementary
uname -m = x86_64
uname -r = 3.2.0-44-generic
uname -s = Linux
uname -v = #69-Ubuntu SMP Thu May 16 17:35:01 UTC 2013

/usr/bin/uname -p = unknown
/bin/uname -X     = unknown

/bin/arch              = unknown
/usr/bin/arch -k       = unknown
/usr/convex/getsysinfo = unknown
/usr/bin/hostinfo      = unknown
/bin/machine           = unknown
/usr/bin/oslevel       = unknown
/bin/universe          = unknown

PATH: /usr/lib/lightdm/lightdm
PATH: /usr/local/sbin
PATH: /usr/local/bin
PATH: /usr/sbin
PATH: /usr/bin
PATH: /sbin
PATH: /bin
PATH: /usr/games


## ----------- ##
## Core tests. ##
## ----------- ##

configure:2317: checking whether make supports nested variables
configure:2334: result: yes
configure:2398: checking for a BSD-compatible install
configure:2466: result: /usr/bin/install -c
configure:2477: checking whether build environment is sane
configure:2527: result: yes
configure:2668: checking for a thread-safe mkdir -p
configure:2707: result: /bin/mkdir -p
configure:2720: checking for gawk
configure:2750: result: no
configure:2720: checking for mawk
configure:2736: found /usr/bin/mawk
configure:2747: result: mawk
configure:2758: checking whether make sets $(MAKE)
configure:2780: result: yes
configure:2855: checking how to create a ustar tar archive
configure:2868: tar --version
tar (GNU tar) 1.26
Copyright (C) 2011 Free Software Foundation, Inc.
License GPLv3+: GNU GPL version 3 or later <http://gnu.org/licenses/gpl.html>.
This is free software: you are free to change and redistribute it.
There is NO WARRANTY, to the extent permitted by law.

Written by John Gilmore and Jay Fenlason.
configure:2871: $? = 0
configure:2911: tardir=conftest.dir && eval tar --format=ustar -chf - "$tardir" >conftest.tar
configure:2914: $? = 0
configure:2918: tar -xf - <conftest.tar
configure:2921: $? = 0
configure:2934: result: gnutar
configure:2942: checking whether to enable maintainer-specific portions of Makefiles
configure:2951: result: no
configure:3013: checking for gcc
configure:3029: found /usr/bin/gcc
configure:3040: result: gcc
configure:3269: checking for C compiler version
configure:3278: gcc --version >&5
gcc (Ubuntu/Linaro 4.6.3-1ubuntu5) 4.6.3
Copyright (C) 2011 Free Software Foundation, Inc.
This is free software; see the source for copying conditions.  There is NO
warranty; not even for MERCHANTABILITY or FITNESS FOR A PARTICULAR PURPOSE.

configure:3289: $? = 0
configure:3278: gcc -v >&5
Using built-in specs.
COLLECT_GCC=gcc
COLLECT_LTO_WRAPPER=/usr/lib/gcc/x86_64-linux-gnu/4.6/lto-wrapper
Target: x86_64-linux-gnu
Configured with: ../src/configure -v --with-pkgversion='Ubuntu/Linaro 4.6.3-1ubuntu5' --with-bugurl=file:///usr/share/doc/gcc-4.6/README.Bugs --enable-languages=c,c++,fortran,objc,obj-c++ --prefix=/usr --program-suffix=-4.6 --enable-shared --enable-linker-build-id --with-system-zlib --libexecdir=/usr/lib --without-included-gettext --enable-threads=posix --with-gxx-include-dir=/usr/include/c++/4.6 --libdir=/usr/lib --enable-nls --with-sysroot=/ --enable-clocale=gnu --enable-libstdcxx-debug --enable-libstdcxx-time=yes --enable-gnu-unique-object --enable-plugin --enable-objc-gc --disable-werror --with-arch-32=i686 --with-tune=generic --enable-checking=release --build=x86_64-linux-gnu --host=x86_64-linux-gnu --target=x86_64-linux-gnu
Thread model: posix
gcc version 4.6.3 (Ubuntu/Linaro 4.6.3-1ubuntu5) 
configure:3289: $? = 0
configure:3278: gcc -V >&5
gcc: error: unrecognized option '-V'
gcc: fatal error: no input files
compilation terminated.
configure:3289: $? = 4
configure:3278: gcc -qversion >&5
gcc: error: unrecognized option '-qversion'
gcc: fatal error: no input files
compilation terminated.
configure:3289: $? = 4
configure:3309: checking whether the C compiler works
configure:3331: gcc    conftest.c  >&5
configure:3335: $? = 0
configure:3383: result: yes
configure:3386: checking for C compiler default output file name
configure:3388: result: a.out
configure:3394: checking for suffix of executables
configure:3401: gcc -o conftest    conftest.c  >&5
configure:3405: $? = 0
configure:3427: result: 
configure:3449: checking whether we are cross compiling
configure:3457: gcc -o conftest    conftest.c  >&5
configure:3461: $? = 0
configure:3468: ./conftest
configure:3472: $? = 0
configure:3487: result: no
configure:3492: checking for suffix of object files
configure:3514: gcc -c   conftest.c >&5
configure:3518: $? = 0
configure:3539: result: o
configure:3543: checking whether we are using the GNU C compiler
configure:3562: gcc -c   conftest.c >&5
configure:3562: $? = 0
configure:3571: result: yes
configure:3580: checking whether gcc accepts -g
configure:3600: gcc -c -g  conftest.c >&5
configure:3600: $? = 0
configure:3641: result: yes
configure:3658: checking for gcc option to accept ISO C89
configure:3722: gcc  -c -g -O2  conftest.c >&5
configure:3722: $? = 0
configure:3735: result: none needed
configure:3766: checking for style of include used by make
configure:3794: result: GNU
configure:3820: checking dependency style of gcc
configure:3931: result: gcc3
configure:3947: checking whether gcc and cc understand -c and -o together
configure:3978: gcc -c conftest.c -o conftest2.o >&5
configure:3982: $? = 0
configure:3988: gcc -c conftest.c -o conftest2.o >&5
configure:3992: $? = 0
configure:4003: cc -c conftest.c >&5
configure:4007: $? = 0
configure:4015: cc -c conftest.c -o conftest2.o >&5
configure:4019: $? = 0
configure:4025: cc -c conftest.c -o conftest2.o >&5
configure:4029: $? = 0
configure:4047: result: yes
configure:4132: checking build system type
configure:4146: result: x86_64-unknown-linux-gnu
configure:4166: checking host system type
configure:4179: result: x86_64-unknown-linux-gnu
configure:4220: checking how to print strings
configure:4247: result: printf
configure:4268: checking for a sed that does not truncate output
configure:4332: result: /bin/sed
configure:4350: checking for grep that handles long lines and -e
configure:4408: result: /bin/grep
configure:4413: checking for egrep
configure:4475: result: /bin/grep -E
configure:4480: checking for fgrep
configure:4542: result: /bin/grep -F
configure:4577: checking for ld used by gcc
configure:4644: result: /usr/bin/ld
configure:4651: checking if the linker (/usr/bin/ld) is GNU ld
configure:4666: result: yes
configure:4678: checking for BSD- or MS-compatible name lister (nm)
configure:4727: result: /usr/bin/nm -B
configure:4857: checking the name lister (/usr/bin/nm -B) interface
configure:4864: gcc -c -g -O2  conftest.c >&5
configure:4867: /usr/bin/nm -B "conftest.o"
configure:4870: output
0000000000000000 B some_variable
configure:4877: result: BSD nm
configure:4880: checking whether ln -s works
configure:4884: result: yes
configure:4892: checking the maximum length of command line arguments
configure:5022: result: 1572864
configure:5039: checking whether the shell understands some XSI constructs
configure:5049: result: yes
configure:5053: checking whether the shell understands "+="
configure:5059: result: yes
configure:5094: checking how to convert x86_64-unknown-linux-gnu file names to x86_64-unknown-linux-gnu format
configure:5134: result: func_convert_file_noop
configure:5141: checking how to convert x86_64-unknown-linux-gnu file names to toolchain format
configure:5161: result: func_convert_file_noop
configure:5168: checking for /usr/bin/ld option to reload object files
configure:5175: result: -r
configure:5249: checking for objdump
configure:5265: found /usr/bin/objdump
configure:5276: result: objdump
configure:5308: checking how to recognize dependent libraries
configure:5510: result: pass_all
configure:5595: checking for dlltool
configure:5625: result: no
configure:5655: checking how to associate runtime and link libraries
configure:5682: result: printf %s\n
configure:5743: checking for ar
configure:5759: found /usr/bin/ar
configure:5770: result: ar
configure:5807: checking for archiver @FILE support
configure:5824: gcc -c -g -O2  conftest.c >&5
configure:5824: $? = 0
configure:5827: ar cru libconftest.a @conftest.lst >&5
configure:5830: $? = 0
configure:5835: ar cru libconftest.a @conftest.lst >&5
ar: conftest.o: No such file or directory
configure:5838: $? = 1
configure:5850: result: @
configure:5908: checking for strip
configure:5924: found /usr/bin/strip
configure:5935: result: strip
configure:6007: checking for ranlib
configure:6023: found /usr/bin/ranlib
configure:6034: result: ranlib
configure:6136: checking command to parse /usr/bin/nm -B output from gcc object
configure:6256: gcc -c -g -O2  conftest.c >&5
configure:6259: $? = 0
configure:6263: /usr/bin/nm -B conftest.o \| sed -n -e 's/^.*[ ]\([ABCDGIRSTW][ABCDGIRSTW]*\)[ ][ ]*\([_A-Za-z][_A-Za-z0-9]*\)$/\1 \2 \2/p' | sed '/ __gnu_lto/d' \> conftest.nm
configure:6266: $? = 0
configure:6332: gcc -o conftest -g -O2   conftest.c conftstm.o >&5
configure:6335: $? = 0
configure:6373: result: ok
configure:6410: checking for sysroot
configure:6440: result: no
configure:6517: gcc -c -g -O2  conftest.c >&5
configure:6520: $? = 0
configure:6696: checking for mt
configure:6712: found /bin/mt
configure:6723: result: mt
configure:6746: checking if mt is a manifest tool
configure:6752: mt '-?'
configure:6760: result: no
configure:7402: checking how to run the C preprocessor
configure:7433: gcc -E  conftest.c
configure:7433: $? = 0
configure:7447: gcc -E  conftest.c
conftest.c:13:28: fatal error: ac_nonexistent.h: No such file or directory
compilation terminated.
configure:7447: $? = 1
configure: failed program was:
| /* confdefs.h */
| #define PACKAGE_NAME "valawebkitsandbox"
| #define PACKAGE_TARNAME "valawebkitsandbox"
| #define PACKAGE_VERSION "valawebkitsandbox_version"
| #define PACKAGE_STRING "valawebkitsandbox valawebkitsandbox_version"
| #define PACKAGE_BUGREPORT "https://github.com/gwenp/valawebkitsandbox/issues"
| #define PACKAGE_URL "https://github.com/gwenp/valawebkitsandbox"
| #define RELEASE_NAME "Stupidly simple."
| #define VERSION_INFO "Development"
| #define PACKAGE "valawebkitsandbox"
| #define VERSION "valawebkitsandbox_version"
| /* end confdefs.h.  */
| #include <ac_nonexistent.h>
configure:7472: result: gcc -E
configure:7492: gcc -E  conftest.c
configure:7492: $? = 0
configure:7506: gcc -E  conftest.c
conftest.c:13:28: fatal error: ac_nonexistent.h: No such file or directory
compilation terminated.
configure:7506: $? = 1
configure: failed program was:
| /* confdefs.h */
| #define PACKAGE_NAME "valawebkitsandbox"
| #define PACKAGE_TARNAME "valawebkitsandbox"
| #define PACKAGE_VERSION "valawebkitsandbox_version"
| #define PACKAGE_STRING "valawebkitsandbox valawebkitsandbox_version"
| #define PACKAGE_BUGREPORT "https://github.com/gwenp/valawebkitsandbox/issues"
| #define PACKAGE_URL "https://github.com/gwenp/valawebkitsandbox"
| #define RELEASE_NAME "Stupidly simple."
| #define VERSION_INFO "Development"
| #define PACKAGE "valawebkitsandbox"
| #define VERSION "valawebkitsandbox_version"
| /* end confdefs.h.  */
| #include <ac_nonexistent.h>
configure:7535: checking for ANSI C header files
configure:7555: gcc -c -g -O2  conftest.c >&5
configure:7555: $? = 0
configure:7628: gcc -o conftest -g -O2   conftest.c  >&5
configure:7628: $? = 0
configure:7628: ./conftest
configure:7628: $? = 0
configure:7639: result: yes
configure:7652: checking for sys/types.h
configure:7652: gcc -c -g -O2  conftest.c >&5
configure:7652: $? = 0
configure:7652: result: yes
configure:7652: checking for sys/stat.h
configure:7652: gcc -c -g -O2  conftest.c >&5
configure:7652: $? = 0
configure:7652: result: yes
configure:7652: checking for stdlib.h
configure:7652: gcc -c -g -O2  conftest.c >&5
configure:7652: $? = 0
configure:7652: result: yes
configure:7652: checking for string.h
configure:7652: gcc -c -g -O2  conftest.c >&5
configure:7652: $? = 0
configure:7652: result: yes
configure:7652: checking for memory.h
configure:7652: gcc -c -g -O2  conftest.c >&5
configure:7652: $? = 0
configure:7652: result: yes
configure:7652: checking for strings.h
configure:7652: gcc -c -g -O2  conftest.c >&5
configure:7652: $? = 0
configure:7652: result: yes
configure:7652: checking for inttypes.h
configure:7652: gcc -c -g -O2  conftest.c >&5
configure:7652: $? = 0
configure:7652: result: yes
configure:7652: checking for stdint.h
configure:7652: gcc -c -g -O2  conftest.c >&5
configure:7652: $? = 0
configure:7652: result: yes
configure:7652: checking for unistd.h
configure:7652: gcc -c -g -O2  conftest.c >&5
configure:7652: $? = 0
configure:7652: result: yes
configure:7666: checking for dlfcn.h
configure:7666: gcc -c -g -O2  conftest.c >&5
configure:7666: $? = 0
configure:7666: result: yes
configure:7842: checking for objdir
configure:7857: result: .libs
configure:8128: checking if gcc supports -fno-rtti -fno-exceptions
configure:8146: gcc -c -g -O2  -fno-rtti -fno-exceptions conftest.c >&5
cc1: warning: command line option '-fno-rtti' is valid for C++/ObjC++ but not for C [enabled by default]
configure:8150: $? = 0
configure:8163: result: no
configure:8490: checking for gcc option to produce PIC
configure:8497: result: -fPIC -DPIC
configure:8505: checking if gcc PIC flag -fPIC -DPIC works
configure:8523: gcc -c -g -O2  -fPIC -DPIC -DPIC conftest.c >&5
configure:8527: $? = 0
configure:8540: result: yes
configure:8569: checking if gcc static flag -static works
configure:8597: result: yes
configure:8612: checking if gcc supports -c -o file.o
configure:8633: gcc -c -g -O2  -o out/conftest2.o conftest.c >&5
configure:8637: $? = 0
configure:8659: result: yes
configure:8667: checking if gcc supports -c -o file.o
configure:8714: result: yes
configure:8747: checking whether the gcc linker (/usr/bin/ld -m elf_x86_64) supports shared libraries
configure:9904: result: yes
configure:9941: checking whether -lc should be explicitly linked in
configure:9949: gcc -c -g -O2  conftest.c >&5
configure:9952: $? = 0
configure:9967: gcc -shared  -fPIC -DPIC conftest.o  -v -Wl,-soname -Wl,conftest -o conftest 2\>\&1 \| /bin/grep  -lc  \>/dev/null 2\>\&1
configure:9970: $? = 0
configure:9984: result: no
configure:10144: checking dynamic linker characteristics
configure:10655: gcc -o conftest -g -O2   -Wl,-rpath -Wl,/foo conftest.c  >&5
configure:10655: $? = 0
configure:10889: result: GNU/Linux ld.so
configure:10996: checking how to hardcode library paths into programs
configure:11021: result: immediate
configure:11561: checking whether stripping libraries is possible
configure:11566: result: yes
configure:11601: checking if libtool supports shared libraries
configure:11603: result: yes
configure:11606: checking whether to build shared libraries
configure:11627: result: yes
configure:11630: checking whether to build static libraries
configure:11634: result: no
configure:11725: checking for pkg-config
configure:11743: found /usr/bin/pkg-config
configure:11755: result: /usr/bin/pkg-config
configure:11780: checking pkg-config is at least version 0.21
configure:11783: result: yes
configure:11880: checking for cos in -lm
configure:11905: gcc -o conftest -g -O2   conftest.c -lm   >&5
conftest.c:32:6: warning: conflicting types for built-in function 'cos' [enabled by default]
configure:11905: $? = 0
configure:11914: result: yes
configure:11950: checking for valac
configure:11968: found /usr/bin/valac
configure:11980: result: /usr/bin/valac
configure:11993: checking /usr/bin/valac is at least version 0.16.0
configure:12001: result: yes
configure:12022: checking for vapigen
configure:12040: found /usr/bin/vapigen
configure:12052: result: /usr/bin/vapigen
configure:12104: checking for glib-compile-resources
configure:12122: found /usr/bin/glib-compile-resources
configure:12134: result: /usr/bin/glib-compile-resources
configure:12149: checking for xmllint
configure:12167: found /usr/bin/xmllint
configure:12179: result: /usr/bin/xmllint
configure:12200: checking for BAMF
configure:12207: $PKG_CONFIG --exists --print-errors "$BAMF_PKGS"
Requested 'libbamf3 >= 0.4.0' but version of libbamf3 is 0.2.126
configure:12210: $? = 1
configure:12224: $PKG_CONFIG --exists --print-errors "$BAMF_PKGS"
Requested 'libbamf3 >= 0.4.0' but version of libbamf3 is 0.2.126
configure:12227: $? = 1
configure:12241: result: no
Requested 'libbamf3 >= 0.4.0' but version of libbamf3 is 0.2.126
configure:12288: checking for GEE_0_8
configure:12295: $PKG_CONFIG --exists --print-errors "gee-0.8"
Package gee-0.8 was not found in the pkg-config search path.
Perhaps you should add the directory containing `gee-0.8.pc'
to the PKG_CONFIG_PATH environment variable
No package 'gee-0.8' found
configure:12298: $? = 1
configure:12312: $PKG_CONFIG --exists --print-errors "gee-0.8"
Package gee-0.8 was not found in the pkg-config search path.
Perhaps you should add the directory containing `gee-0.8.pc'
to the PKG_CONFIG_PATH environment variable
No package 'gee-0.8' found
configure:12315: $? = 1
configure:12329: result: no
No package 'gee-0.8' found
configure:12388: checking for DBUSMENU
configure:12395: $PKG_CONFIG --exists --print-errors "$DBUSMENU_PKGS"
Package dbusmenu-glib-0.4 was not found in the pkg-config search path.
Perhaps you should add the directory containing `dbusmenu-glib-0.4.pc'
to the PKG_CONFIG_PATH environment variable
No package 'dbusmenu-glib-0.4' found
Package dbusmenu-gtk3-0.4 was not found in the pkg-config search path.
Perhaps you should add the directory containing `dbusmenu-gtk3-0.4.pc'
to the PKG_CONFIG_PATH environment variable
No package 'dbusmenu-gtk3-0.4' found
configure:12398: $? = 1
configure:12412: $PKG_CONFIG --exists --print-errors "$DBUSMENU_PKGS"
Package dbusmenu-glib-0.4 was not found in the pkg-config search path.
Perhaps you should add the directory containing `dbusmenu-glib-0.4.pc'
to the PKG_CONFIG_PATH environment variable
No package 'dbusmenu-glib-0.4' found
Package dbusmenu-gtk3-0.4 was not found in the pkg-config search path.
Perhaps you should add the directory containing `dbusmenu-gtk3-0.4.pc'
to the PKG_CONFIG_PATH environment variable
No package 'dbusmenu-gtk3-0.4' found
configure:12415: $? = 1
configure:12429: result: no
No package 'dbusmenu-glib-0.4' found
No package 'dbusmenu-gtk3-0.4' found
configure:12479: checking for VALAWEBKITSANDBOX_CORE
configure:12486: $PKG_CONFIG --exists --print-errors "$VALAWEBKITSANDBOX_CORE_PKGS"
configure:12489: $? = 0
configure:12503: $PKG_CONFIG --exists --print-errors "$VALAWEBKITSANDBOX_CORE_PKGS"
configure:12506: $? = 0
configure:12564: result: yes
configure:12909: checking whether NLS is requested
configure:12918: result: yes
configure:12936: checking for intltool >= 0.35.0
configure:12938: result: 0.50.2 found
configure:12946: checking for intltool-update
configure:12964: found /usr/bin/intltool-update
configure:12976: result: /usr/bin/intltool-update
configure:12986: checking for intltool-merge
configure:13004: found /usr/bin/intltool-merge
configure:13016: result: /usr/bin/intltool-merge
configure:13026: checking for intltool-extract
configure:13044: found /usr/bin/intltool-extract
configure:13056: result: /usr/bin/intltool-extract
configure:13210: checking for xgettext
configure:13228: found /usr/bin/xgettext
configure:13240: result: /usr/bin/xgettext
configure:13250: checking for msgmerge
configure:13268: found /usr/bin/msgmerge
configure:13280: result: /usr/bin/msgmerge
configure:13290: checking for msgfmt
configure:13308: found /usr/bin/msgfmt
configure:13320: result: /usr/bin/msgfmt
configure:13330: checking for gmsgfmt
configure:13361: result: /usr/bin/msgfmt
configure:13381: checking for perl
configure:13399: found /usr/bin/perl
configure:13411: result: /usr/bin/perl
configure:13422: checking for perl >= 5.8.1
configure:13429: result: 5.14.2
configure:13433: checking for XML::Parser
configure:13436: result: ok
configure:13461: gcc -o conftest -g -O2   conftest.c  >&5
configure:13461: $? = 0
configure:13657: creating ./config.status

## ---------------------- ##
## Running config.status. ##
## ---------------------- ##

This file was extended by valawebkitsandbox config.status valawebkitsandbox_version, which was
generated by GNU Autoconf 2.68.  Invocation command line was

  CONFIG_FILES    = 
  CONFIG_HEADERS  = 
  CONFIG_LINKS    = 
  CONFIG_COMMANDS = 
  $ ./config.status 

on gwen-elementary

config.status:1219: creating Makefile
config.status:1219: creating data/Makefile
config.status:1219: creating data/apport/Makefile
config.status:1219: creating data/icons/Makefile
config.status:1219: creating data/themes/Makefile
config.status:1219: creating lib/Makefile
config.status:1219: creating lib/valawebkitsandbox.deps
config.status:1219: creating lib/valawebkitsandbox.pc
config.status:1219: creating man/Makefile
config.status:1219: creating src/Makefile
config.status:1219: creating docs/Makefile
config.status:1219: creating po/Makefile.in
config.status:1219: creating tests/Makefile
config.status:1219: creating vapi/Makefile
config.status:1219: creating config.h
config.status:1448: executing depfiles commands
config.status:1448: executing libtool commands
config.status:1448: executing po/stamp-it commands

## ---------------- ##
## Cache variables. ##
## ---------------- ##

ac_cv_build=x86_64-unknown-linux-gnu
ac_cv_c_compiler_gnu=yes
ac_cv_env_BAMF_CFLAGS_set=
ac_cv_env_BAMF_CFLAGS_value=
ac_cv_env_BAMF_LIBS_set=
ac_cv_env_BAMF_LIBS_value=
ac_cv_env_CC_set=
ac_cv_env_CC_value=
ac_cv_env_CFLAGS_set=
ac_cv_env_CFLAGS_value=
ac_cv_env_CPPFLAGS_set=
ac_cv_env_CPPFLAGS_value=
ac_cv_env_CPP_set=
ac_cv_env_CPP_value=
ac_cv_env_DBUSMENU_CFLAGS_set=
ac_cv_env_DBUSMENU_CFLAGS_value=
ac_cv_env_DBUSMENU_LIBS_set=
ac_cv_env_DBUSMENU_LIBS_value=
ac_cv_env_GEE_0_8_CFLAGS_set=
ac_cv_env_GEE_0_8_CFLAGS_value=
ac_cv_env_GEE_0_8_LIBS_set=
ac_cv_env_GEE_0_8_LIBS_value=
ac_cv_env_GLIB_COMPILE_RESOURCES_set=
ac_cv_env_GLIB_COMPILE_RESOURCES_value=
ac_cv_env_LDFLAGS_set=
ac_cv_env_LDFLAGS_value=
ac_cv_env_LIBS_set=
ac_cv_env_LIBS_value=
ac_cv_env_PKG_CONFIG_LIBDIR_set=
ac_cv_env_PKG_CONFIG_LIBDIR_value=
ac_cv_env_PKG_CONFIG_PATH_set=
ac_cv_env_PKG_CONFIG_PATH_value=
ac_cv_env_PKG_CONFIG_set=
ac_cv_env_PKG_CONFIG_value=
ac_cv_env_VALADOC_CFLAGS_set=
ac_cv_env_VALADOC_CFLAGS_value=
ac_cv_env_VALADOC_LIBS_set=
ac_cv_env_VALADOC_LIBS_value=
ac_cv_env_VALAWEBKITSANDBOX_CORE_CFLAGS_set=
ac_cv_env_VALAWEBKITSANDBOX_CORE_CFLAGS_value=
ac_cv_env_VALAWEBKITSANDBOX_CORE_LIBS_set=
ac_cv_env_VALAWEBKITSANDBOX_CORE_LIBS_value=
ac_cv_env_XMLLINT_set=
ac_cv_env_XMLLINT_value=
ac_cv_env_build_alias_set=
ac_cv_env_build_alias_value=
ac_cv_env_host_alias_set=
ac_cv_env_host_alias_value=
ac_cv_env_target_alias_set=
ac_cv_env_target_alias_value=
ac_cv_header_dlfcn_h=yes
ac_cv_header_inttypes_h=yes
ac_cv_header_memory_h=yes
ac_cv_header_stdc=yes
ac_cv_header_stdint_h=yes
ac_cv_header_stdlib_h=yes
ac_cv_header_string_h=yes
ac_cv_header_strings_h=yes
ac_cv_header_sys_stat_h=yes
ac_cv_header_sys_types_h=yes
ac_cv_header_unistd_h=yes
ac_cv_host=x86_64-unknown-linux-gnu
ac_cv_lib_m_cos=yes
ac_cv_objext=o
ac_cv_path_EGREP='/bin/grep -E'
ac_cv_path_FGREP='/bin/grep -F'
ac_cv_path_GLIB_COMPILE_RESOURCES=/usr/bin/glib-compile-resources
ac_cv_path_GMSGFMT=/usr/bin/msgfmt
ac_cv_path_GREP=/bin/grep
ac_cv_path_INTLTOOL_EXTRACT=/usr/bin/intltool-extract
ac_cv_path_INTLTOOL_MERGE=/usr/bin/intltool-merge
ac_cv_path_INTLTOOL_PERL=/usr/bin/perl
ac_cv_path_INTLTOOL_UPDATE=/usr/bin/intltool-update
ac_cv_path_MSGFMT=/usr/bin/msgfmt
ac_cv_path_MSGMERGE=/usr/bin/msgmerge
ac_cv_path_SED=/bin/sed
ac_cv_path_VALAC=/usr/bin/valac
ac_cv_path_VAPIGEN=/usr/bin/vapigen
ac_cv_path_XGETTEXT=/usr/bin/xgettext
ac_cv_path_XMLLINT=/usr/bin/xmllint
ac_cv_path_ac_pt_PKG_CONFIG=/usr/bin/pkg-config
ac_cv_path_install='/usr/bin/install -c'
ac_cv_path_mkdir=/bin/mkdir
ac_cv_prog_AWK=mawk
ac_cv_prog_CPP='gcc -E'
ac_cv_prog_ac_ct_AR=ar
ac_cv_prog_ac_ct_CC=gcc
ac_cv_prog_ac_ct_MANIFEST_TOOL=mt
ac_cv_prog_ac_ct_OBJDUMP=objdump
ac_cv_prog_ac_ct_RANLIB=ranlib
ac_cv_prog_ac_ct_STRIP=strip
ac_cv_prog_cc_c89=
ac_cv_prog_cc_g=yes
ac_cv_prog_cc_gcc_c_o=yes
ac_cv_prog_make_make_set=yes
am_cv_CC_dependencies_compiler_type=gcc3
am_cv_make_support_nested_variables=yes
am_cv_prog_tar_ustar=gnutar
lt_cv_ar_at_file=@
lt_cv_archive_cmds_need_lc=no
lt_cv_deplibs_check_method=pass_all
lt_cv_file_magic_cmd='$MAGIC_CMD'
lt_cv_file_magic_test_file=
lt_cv_ld_reload_flag=-r
lt_cv_nm_interface='BSD nm'
lt_cv_objdir=.libs
lt_cv_path_LD=/usr/bin/ld
lt_cv_path_NM='/usr/bin/nm -B'
lt_cv_path_mainfest_tool=no
lt_cv_prog_compiler_c_o=yes
lt_cv_prog_compiler_pic='-fPIC -DPIC'
lt_cv_prog_compiler_pic_works=yes
lt_cv_prog_compiler_rtti_exceptions=no
lt_cv_prog_compiler_static_works=yes
lt_cv_prog_gnu_ld=yes
lt_cv_sharedlib_from_linklib_cmd='printf %s\n'
lt_cv_shlibpath_overrides_runpath=no
lt_cv_sys_global_symbol_pipe='sed -n -e '\''s/^.*[	 ]\([ABCDGIRSTW][ABCDGIRSTW]*\)[	 ][	 ]*\([_A-Za-z][_A-Za-z0-9]*\)$/\1 \2 \2/p'\'' | sed '\''/ __gnu_lto/d'\'''
lt_cv_sys_global_symbol_to_c_name_address='sed -n -e '\''s/^: \([^ ]*\)[ ]*$/  {\"\1\", (void *) 0},/p'\'' -e '\''s/^[ABCDGIRSTW]* \([^ ]*\) \([^ ]*\)$/  {"\2", (void *) \&\2},/p'\'''
lt_cv_sys_global_symbol_to_c_name_address_lib_prefix='sed -n -e '\''s/^: \([^ ]*\)[ ]*$/  {\"\1\", (void *) 0},/p'\'' -e '\''s/^[ABCDGIRSTW]* \([^ ]*\) \(lib[^ ]*\)$/  {"\2", (void *) \&\2},/p'\'' -e '\''s/^[ABCDGIRSTW]* \([^ ]*\) \([^ ]*\)$/  {"lib\2", (void *) \&\2},/p'\'''
lt_cv_sys_global_symbol_to_cdecl='sed -n -e '\''s/^T .* \(.*\)$/extern int \1();/p'\'' -e '\''s/^[ABCDGIRSTW]* .* \(.*\)$/extern char \1;/p'\'''
lt_cv_sys_max_cmd_len=1572864
lt_cv_to_host_file_cmd=func_convert_file_noop
lt_cv_to_tool_file_cmd=func_convert_file_noop
pkg_cv_VALAWEBKITSANDBOX_CORE_CFLAGS='-pthread -DWNCK_I_KNOW_THIS_IS_UNSTABLE -I/usr/include/glib-2.0 -I/usr/lib/x86_64-linux-gnu/glib-2.0/include -I/usr/include/gio-unix-2.0/ -I/usr/include/gtk-3.0 -I/usr/include/pango-1.0 -I/usr/include/atk-1.0 -I/usr/include/cairo -I/usr/include/gdk-pixbuf-2.0 -I/usr/include/freetype2 -I/usr/include/pixman-1 -I/usr/include/libpng12 -I/usr/include/libbamf3 -I/usr/lib/x86_64-linux-gnu/libbamf3/include -I/usr/include/startup-notification-1.0 -I/usr/include/gee-1.0 -I/usr/include/libwnck-3.0  '
pkg_cv_VALAWEBKITSANDBOX_CORE_LIBS='-pthread -lgthread-2.0 -lrt -lbamf3 -lwnck-3 -lgtk-3 -lgdk-3 -latk-1.0 -lgio-2.0 -lpangocairo-1.0 -lgdk_pixbuf-2.0 -lcairo-gobject -lpango-1.0 -lcairo -lX11 -lgee -lgobject-2.0 -lglib-2.0  '

## ----------------- ##
## Output variables. ##
## ----------------- ##

ACLOCAL='${SHELL} /home/gwen/Programmation/vala/vala-bootstrapping-project/libtoolproject/missing --run aclocal-1.11'
ALL_LINGUAS=''
AMDEPBACKSLASH='\'
AMDEP_FALSE='#'
AMDEP_TRUE=''
AMTAR='$${TAR-tar}'
AM_BACKSLASH='\'
AM_DEFAULT_V='$(AM_DEFAULT_VERBOSITY)'
AM_DEFAULT_VERBOSITY='0'
AM_V='$(V)'
API_VERSION='0.2'
AR='ar'
AUTOCONF='${SHELL} /home/gwen/Programmation/vala/vala-bootstrapping-project/libtoolproject/missing --run autoconf'
AUTOHEADER='${SHELL} /home/gwen/Programmation/vala/vala-bootstrapping-project/libtoolproject/missing --run autoheader'
AUTOMAKE='${SHELL} /home/gwen/Programmation/vala/vala-bootstrapping-project/libtoolproject/missing --run automake-1.11'
AWK='mawk'
BAMF_CFLAGS=''
BAMF_LIBS=''
CC='gcc'
CCDEPMODE='depmode=gcc3'
CFLAGS='-g -O2'
CPP='gcc -E'
CPPFLAGS=''
CYGPATH_W='echo'
DATADIRNAME='share'
DBUSMENU_CFLAGS=''
DBUSMENU_LIBS=''
DBUS_LAUNCH=''
DEFS='-DHAVE_CONFIG_H'
DEPDIR='.deps'
DLLTOOL='false'
DSYMUTIL=''
DUMPBIN=''
ECHO_C=''
ECHO_N='-n'
ECHO_T=''
EGREP='/bin/grep -E'
ENABLE_DOCS_FALSE=''
ENABLE_DOCS_TRUE='#'
EXEEXT=''
FGREP='/bin/grep -F'
GEE_0_8_CFLAGS=''
GEE_0_8_LIBS=''
GEE_DEPEND='gee-1.0'
GETTEXT_PACKAGE='valawebkitsandbox'
GLIB_COMPILE_RESOURCES='/usr/bin/glib-compile-resources'
GMSGFMT='/usr/bin/msgfmt'
GREP='/bin/grep'
HAVE_BAMF_0_4_FALSE=''
HAVE_BAMF_0_4_TRUE='#'
HAVE_DBUSMENU_FALSE=''
HAVE_DBUSMENU_TRUE='#'
HAVE_GEE_0_8_FALSE=''
HAVE_GEE_0_8_TRUE='#'
HAVE_HEADLESS_TESTS_FALSE=''
HAVE_HEADLESS_TESTS_TRUE='#'
HAVE_VALADOC_FALSE=''
HAVE_VALADOC_TRUE='#'
INSTALL_DATA='${INSTALL} -m 644'
INSTALL_PROGRAM='${INSTALL}'
INSTALL_SCRIPT='${INSTALL}'
INSTALL_STRIP_PROGRAM='$(install_sh) -c -s'
INTLTOOL_CAVES_RULE='%.caves:     %.caves.in     $(INTLTOOL_MERGE) $(wildcard $(top_srcdir)/po/*.po) ; $(INTLTOOL_V_MERGE)LC_ALL=C $(INTLTOOL_MERGE) $(INTLTOOL_V_MERGE_OPTIONS) -d -u -c $(top_builddir)/po/.intltool-merge-cache $(top_srcdir)/po $< $@'
INTLTOOL_DESKTOP_RULE='%.desktop:   %.desktop.in   $(INTLTOOL_MERGE) $(wildcard $(top_srcdir)/po/*.po) ; $(INTLTOOL_V_MERGE)LC_ALL=C $(INTLTOOL_MERGE) $(INTLTOOL_V_MERGE_OPTIONS) -d -u -c $(top_builddir)/po/.intltool-merge-cache $(top_srcdir)/po $< $@'
INTLTOOL_DIRECTORY_RULE='%.directory: %.directory.in $(INTLTOOL_MERGE) $(wildcard $(top_srcdir)/po/*.po) ; $(INTLTOOL_V_MERGE)LC_ALL=C $(INTLTOOL_MERGE) $(INTLTOOL_V_MERGE_OPTIONS) -d -u -c $(top_builddir)/po/.intltool-merge-cache $(top_srcdir)/po $< $@'
INTLTOOL_EXTRACT='/usr/bin/intltool-extract'
INTLTOOL_KBD_RULE='%.kbd:       %.kbd.in       $(INTLTOOL_MERGE) $(wildcard $(top_srcdir)/po/*.po) ; $(INTLTOOL_V_MERGE)LC_ALL=C $(INTLTOOL_MERGE) $(INTLTOOL_V_MERGE_OPTIONS) -x -u -m -c $(top_builddir)/po/.intltool-merge-cache $(top_srcdir)/po $< $@'
INTLTOOL_KEYS_RULE='%.keys:      %.keys.in      $(INTLTOOL_MERGE) $(wildcard $(top_srcdir)/po/*.po) ; $(INTLTOOL_V_MERGE)LC_ALL=C $(INTLTOOL_MERGE) $(INTLTOOL_V_MERGE_OPTIONS) -k -u -c $(top_builddir)/po/.intltool-merge-cache $(top_srcdir)/po $< $@'
INTLTOOL_MERGE='/usr/bin/intltool-merge'
INTLTOOL_OAF_RULE='%.oaf:       %.oaf.in       $(INTLTOOL_MERGE) $(wildcard $(top_srcdir)/po/*.po) ; $(INTLTOOL_V_MERGE)LC_ALL=C $(INTLTOOL_MERGE) $(INTLTOOL_V_MERGE_OPTIONS) -o -p $(top_srcdir)/po $< $@'
INTLTOOL_PERL='/usr/bin/perl'
INTLTOOL_POLICY_RULE='%.policy:    %.policy.in    $(INTLTOOL_MERGE) $(wildcard $(top_srcdir)/po/*.po) ; $(INTLTOOL_V_MERGE)LC_ALL=C $(INTLTOOL_MERGE) $(INTLTOOL_V_MERGE_OPTIONS) -x -u -c $(top_builddir)/po/.intltool-merge-cache $(top_srcdir)/po $< $@'
INTLTOOL_PONG_RULE='%.pong:      %.pong.in      $(INTLTOOL_MERGE) $(wildcard $(top_srcdir)/po/*.po) ; $(INTLTOOL_V_MERGE)LC_ALL=C $(INTLTOOL_MERGE) $(INTLTOOL_V_MERGE_OPTIONS) -x -u -c $(top_builddir)/po/.intltool-merge-cache $(top_srcdir)/po $< $@'
INTLTOOL_PROP_RULE='%.prop:      %.prop.in      $(INTLTOOL_MERGE) $(wildcard $(top_srcdir)/po/*.po) ; $(INTLTOOL_V_MERGE)LC_ALL=C $(INTLTOOL_MERGE) $(INTLTOOL_V_MERGE_OPTIONS) -d -u -c $(top_builddir)/po/.intltool-merge-cache $(top_srcdir)/po $< $@'
INTLTOOL_SCHEMAS_RULE='%.schemas:   %.schemas.in   $(INTLTOOL_MERGE) $(wildcard $(top_srcdir)/po/*.po) ; $(INTLTOOL_V_MERGE)LC_ALL=C $(INTLTOOL_MERGE) $(INTLTOOL_V_MERGE_OPTIONS) -s -u -c $(top_builddir)/po/.intltool-merge-cache $(top_srcdir)/po $< $@'
INTLTOOL_SERVER_RULE='%.server:    %.server.in    $(INTLTOOL_MERGE) $(wildcard $(top_srcdir)/po/*.po) ; $(INTLTOOL_V_MERGE)LC_ALL=C $(INTLTOOL_MERGE) $(INTLTOOL_V_MERGE_OPTIONS) -o -u -c $(top_builddir)/po/.intltool-merge-cache $(top_srcdir)/po $< $@'
INTLTOOL_SERVICE_RULE='%.service: %.service.in   $(INTLTOOL_MERGE) $(wildcard $(top_srcdir)/po/*.po) ; $(INTLTOOL_V_MERGE)LC_ALL=C $(INTLTOOL_MERGE) $(INTLTOOL_V_MERGE_OPTIONS) -d -u -c $(top_builddir)/po/.intltool-merge-cache $(top_srcdir)/po $< $@'
INTLTOOL_SHEET_RULE='%.sheet:     %.sheet.in     $(INTLTOOL_MERGE) $(wildcard $(top_srcdir)/po/*.po) ; $(INTLTOOL_V_MERGE)LC_ALL=C $(INTLTOOL_MERGE) $(INTLTOOL_V_MERGE_OPTIONS) -x -u -c $(top_builddir)/po/.intltool-merge-cache $(top_srcdir)/po $< $@'
INTLTOOL_SOUNDLIST_RULE='%.soundlist: %.soundlist.in $(INTLTOOL_MERGE) $(wildcard $(top_srcdir)/po/*.po) ; $(INTLTOOL_V_MERGE)LC_ALL=C $(INTLTOOL_MERGE) $(INTLTOOL_V_MERGE_OPTIONS) -d -u -c $(top_builddir)/po/.intltool-merge-cache $(top_srcdir)/po $< $@'
INTLTOOL_THEME_RULE='%.theme:     %.theme.in     $(INTLTOOL_MERGE) $(wildcard $(top_srcdir)/po/*.po) ; $(INTLTOOL_V_MERGE)LC_ALL=C $(INTLTOOL_MERGE) $(INTLTOOL_V_MERGE_OPTIONS) -d -u -c $(top_builddir)/po/.intltool-merge-cache $(top_srcdir)/po $< $@'
INTLTOOL_UI_RULE='%.ui:        %.ui.in        $(INTLTOOL_MERGE) $(wildcard $(top_srcdir)/po/*.po) ; $(INTLTOOL_V_MERGE)LC_ALL=C $(INTLTOOL_MERGE) $(INTLTOOL_V_MERGE_OPTIONS) -x -u -c $(top_builddir)/po/.intltool-merge-cache $(top_srcdir)/po $< $@'
INTLTOOL_UPDATE='/usr/bin/intltool-update'
INTLTOOL_V_MERGE='$(INTLTOOL__v_MERGE_$(V))'
INTLTOOL_V_MERGE_OPTIONS='$(intltool__v_merge_options_$(V))'
INTLTOOL_XAM_RULE='%.xam:       %.xml.in       $(INTLTOOL_MERGE) $(wildcard $(top_srcdir)/po/*.po) ; $(INTLTOOL_V_MERGE)LC_ALL=C $(INTLTOOL_MERGE) $(INTLTOOL_V_MERGE_OPTIONS) -x -u -c $(top_builddir)/po/.intltool-merge-cache $(top_srcdir)/po $< $@'
INTLTOOL_XML_NOMERGE_RULE='%.xml:       %.xml.in       $(INTLTOOL_MERGE) ; $(INTLTOOL_V_MERGE)LC_ALL=C $(INTLTOOL_MERGE) $(INTLTOOL_V_MERGE_OPTIONS) -x -u --no-translations $< $@'
INTLTOOL_XML_RULE='%.xml:       %.xml.in       $(INTLTOOL_MERGE) $(wildcard $(top_srcdir)/po/*.po) ; $(INTLTOOL_V_MERGE)LC_ALL=C $(INTLTOOL_MERGE) $(INTLTOOL_V_MERGE_OPTIONS) -x -u -c $(top_builddir)/po/.intltool-merge-cache $(top_srcdir)/po $< $@'
INTLTOOL__v_MERGE_0='@echo "  ITMRG " $@;'
INTLTOOL__v_MERGE_='$(INTLTOOL__v_MERGE_$(AM_DEFAULT_VERBOSITY))'
LD='/usr/bin/ld -m elf_x86_64'
LDFLAGS=''
LIBM='-lm'
LIBOBJS=''
LIBS=''
LIBTOOL='$(SHELL) $(top_builddir)/libtool'
LIPO=''
LN_S='ln -s'
LTLIBOBJS=''
LT_AGE='0'
LT_CURRENT='0'
LT_REVISION='0'
MAINT='#'
MAINTAINER_MODE_FALSE=''
MAINTAINER_MODE_TRUE='#'
MAKEINFO='${SHELL} /home/gwen/Programmation/vala/vala-bootstrapping-project/libtoolproject/missing --run makeinfo'
MANIFEST_TOOL=':'
MKDIR_P='/bin/mkdir -p'
MSGFMT='/usr/bin/msgfmt'
MSGMERGE='/usr/bin/msgmerge'
NM='/usr/bin/nm -B'
NMEDIT=''
OBJDUMP='objdump'
OBJEXT='o'
OTOOL64=''
OTOOL=''
PACKAGE='valawebkitsandbox'
PACKAGE_BUGREPORT='https://github.com/gwenp/valawebkitsandbox/issues'
PACKAGE_NAME='valawebkitsandbox'
PACKAGE_STRING='valawebkitsandbox valawebkitsandbox_version'
PACKAGE_TARNAME='valawebkitsandbox'
PACKAGE_URL='https://github.com/gwenp/valawebkitsandbox'
PACKAGE_VERSION='valawebkitsandbox_version'
PATH_SEPARATOR=':'
PKG_CONFIG='/usr/bin/pkg-config'
PKG_CONFIG_LIBDIR=''
PKG_CONFIG_PATH=''
RANLIB='ranlib'
SED='/bin/sed'
SET_MAKE=''
SHELL='/bin/bash'
STRIP='strip'
USE_NLS='yes'
VALAC='/usr/bin/valac'
VALADOC=''
VALADOC_CFLAGS=''
VALADOC_LIBS=''
VALAWEBKITSANDBOX_CORE_CFLAGS='-pthread -DWNCK_I_KNOW_THIS_IS_UNSTABLE -I/usr/include/glib-2.0 -I/usr/lib/x86_64-linux-gnu/glib-2.0/include -I/usr/include/gio-unix-2.0/ -I/usr/include/gtk-3.0 -I/usr/include/pango-1.0 -I/usr/include/atk-1.0 -I/usr/include/cairo -I/usr/include/gdk-pixbuf-2.0 -I/usr/include/freetype2 -I/usr/include/pixman-1 -I/usr/include/libpng12 -I/usr/include/libbamf3 -I/usr/lib/x86_64-linux-gnu/libbamf3/include -I/usr/include/startup-notification-1.0 -I/usr/include/gee-1.0 -I/usr/include/libwnck-3.0  '
VALAWEBKITSANDBOX_CORE_LIBS='-pthread -lgthread-2.0 -lrt -lbamf3 -lwnck-3 -lgtk-3 -lgdk-3 -latk-1.0 -lgio-2.0 -lpangocairo-1.0 -lgdk_pixbuf-2.0 -lcairo-gobject -lpango-1.0 -lcairo -lX11 -lgee -lgobject-2.0 -lglib-2.0  '
VALAWEBKITSANDBOX_CORE_OPTIONAL_PKGS=''
VALAWEBKITSANDBOX_CORE_VALAFLAGS='--thread -g --target-glib=2.32 --pkg gio-unix-2.0                       --pkg gtk+-3.0                       --pkg gdk-x11-3.0                       --pkg gdk-pixbuf-2.0                       --pkg libbamf3                       --pkg libwnck-3.0                       --pkg posix                       --pkg x11 --pkg gee-1.0'
VALAWEBKITSANDBOX_DOCS_VALAFLAGS='--target-glib=2.32 --pkg gio-unix-2.0                       --pkg gtk+-3.0                       --pkg gdk-x11-3.0                       --pkg gdk-pixbuf-2.0                       --pkg libbamf3                       --pkg libwnck-3.0                       --pkg posix                       --pkg x11 --pkg gee-1.0'
VALAWEBKITSANDBOX_MAJOR_MINOR_VERSION='valawebkitsandbox_major_minor_version'
VAPIGEN='/usr/bin/vapigen'
VERSION='valawebkitsandbox_version'
XGETTEXT='/usr/bin/xgettext'
XMLLINT='/usr/bin/xmllint'
XVFB_RUN=''
ac_ct_AR='ar'
ac_ct_CC='gcc'
ac_ct_DUMPBIN=''
am__EXEEXT_FALSE=''
am__EXEEXT_TRUE='#'
am__fastdepCC_FALSE='#'
am__fastdepCC_TRUE=''
am__include='include'
am__isrc=''
am__leading_dot='.'
am__nodep='_no'
am__quote=''
am__tar='tar --format=ustar -chf - "$$tardir"'
am__untar='tar -xf -'
bindir='${exec_prefix}/bin'
build='x86_64-unknown-linux-gnu'
build_alias=''
build_cpu='x86_64'
build_os='linux-gnu'
build_vendor='unknown'
datadir='${datarootdir}'
datarootdir='${prefix}/share'
docdir='${datarootdir}/doc/${PACKAGE_TARNAME}'
dvidir='${docdir}'
exec_prefix='${prefix}'
host='x86_64-unknown-linux-gnu'
host_alias=''
host_cpu='x86_64'
host_os='linux-gnu'
host_vendor='unknown'
htmldir='${docdir}'
includedir='${prefix}/include'
infodir='${datarootdir}/info'
install_sh='${SHELL} /home/gwen/Programmation/vala/vala-bootstrapping-project/libtoolproject/install-sh'
intltool__v_merge_options_0='-q'
intltool__v_merge_options_='$(intltool__v_merge_options_$(AM_DEFAULT_VERBOSITY))'
libdir='${exec_prefix}/lib'
libexecdir='${exec_prefix}/libexec'
localedir='${datarootdir}/locale'
localstatedir='${prefix}/var'
mandir='${datarootdir}/man'
mkdir_p='/bin/mkdir -p'
oldincludedir='/usr/include'
pdfdir='${docdir}'
prefix='/usr/local'
program_transform_name='s,x,x,'
psdir='${docdir}'
sbindir='${exec_prefix}/sbin'
sharedstatedir='${prefix}/com'
sysconfdir='${prefix}/etc'
target_alias=''

## ----------- ##
## confdefs.h. ##
## ----------- ##

/* confdefs.h */
#define PACKAGE_NAME "valawebkitsandbox"
#define PACKAGE_TARNAME "valawebkitsandbox"
#define PACKAGE_VERSION "valawebkitsandbox_version"
#define PACKAGE_STRING "valawebkitsandbox valawebkitsandbox_version"
#define PACKAGE_BUGREPORT "https://github.com/gwenp/valawebkitsandbox/issues"
#define PACKAGE_URL "https://github.com/gwenp/valawebkitsandbox"
#define RELEASE_NAME "Stupidly simple."
#define VERSION_INFO "Development"
#define PACKAGE "valawebkitsandbox"
#define VERSION "valawebkitsandbox_version"
#define STDC_HEADERS 1
#define HAVE_SYS_TYPES_H 1
#define HAVE_SYS_STAT_H 1
#define HAVE_STDLIB_H 1
#define HAVE_STRING_H 1
#define HAVE_MEMORY_H 1
#define HAVE_STRINGS_H 1
#define HAVE_INTTYPES_H 1
#define HAVE_STDINT_H 1
#define HAVE_UNISTD_H 1
#define HAVE_DLFCN_H 1
#define LT_OBJDIR ".libs/"
#define GETTEXT_PACKAGE "valawebkitsandbox"

configure: exit 0
